This is pdfTeX, Version 3.141592653-2.6-1.40.22 (TeX Live 2022/dev/Debian) (preloaded format=pdflatex 2024.11.22)  24 NOV 2024 20:39
entering extended mode
 restricted \write18 enabled.
 %&-line parsing enabled.
**main.tex
(./main.tex
LaTeX2e <2021-11-15> patch level 1
L3 programming layer <2022-01-21> (./lib/preambulo.tex
(/usr/share/texlive/texmf-dist/tex/latex/abntex2/abntex2.cls
Document Class: abntex2 2018/11/24 v-1.9.7 abnTeX2
(/usr/share/texlive/texmf-dist/tex/latex/base/ifthen.sty
Package: ifthen 2020/11/24 v1.1c Standard LaTeX ifthen package (DPC)
)
(/usr/share/texlive/texmf-dist/tex/latex/memoir/memoir.cls
Document Class: memoir 2021/06/16 v3.7p configurable book, report, article docu
ment class
\onelineskip=\skip47
\lxvchars=\skip48
\xlvchars=\skip49
\@memcnta=\count185
\c@@memmarkcntra=\count186
(/usr/share/texlive/texmf-dist/tex/generic/iftex/iftex.sty
Package: iftex 2020/03/06 v1.0d TeX engine tests
)
\stockheight=\skip50
\stockwidth=\skip51
\trimtop=\skip52
\trimedge=\skip53

(/usr/share/texlive/texmf-dist/tex/latex/memoir/mem12.clo
File: mem12.clo 2010/10/19 v0.4b memoir class 12pt size option
)
\binding=\skip54
\spinemargin=\skip55
\foremargin=\skip56
\uppermargin=\skip57
\lowermargin=\skip58
\headdrop=\skip59
\normalrulethickness=\skip60
\mem@maxheadheight=\skip61
\mem@maxfootheight=\skip62
\headwidth=\skip63
\c@storedpagenumber=\count187
\memPD=\dimen138
\m@mabparskip=\skip64
\thanksmarkwidth=\skip65
\thanksmarksep=\skip66
\droptitle=\skip67
\c@book=\count188
\c@part=\count189
\c@chapter=\count190
\c@section=\count191
\c@subsection=\count192
\c@subsubsection=\count193
\c@paragraph=\count194
\c@subparagraph=\count195
\beforechapskip=\skip68
\midchapskip=\skip69
\afterchapskip=\skip70
\chapindent=\skip71
\bottomsectionskip=\skip72
\secindent=\skip73
\beforesecskip=\skip74
\aftersecskip=\skip75
\subsecindent=\skip76
\beforesubsecskip=\skip77
\aftersubsecskip=\skip78
\subsubsecindent=\skip79
\beforesubsubsecskip=\skip80
\aftersubsubsecskip=\skip81
\paraindent=\skip82
\beforeparaskip=\skip83
\afterparaskip=\skip84
\subparaindent=\skip85
\beforesubparaskip=\skip86
\aftersubparaskip=\skip87
\pfbreakskip=\skip88
\c@@ppsavesec=\count196
\c@@ppsaveapp=\count197
\ragrparindent=\dimen139
\everylistparindent=\dimen140
\parsepi=\skip89
\topsepi=\skip90
\itemsepi=\skip91
\parsepii=\skip92
\topsepii=\skip93
\topsepiii=\skip94
\itemsepii=\skip95
\itemsepiii=\skip96
\partopsepii=\skip97
\partopsepiii=\skip98
\m@msavetopsep=\skip99
\m@msavepartopsep=\skip100
\@enLab=\toks16
\abstitleskip=\skip101
\absleftindent=\skip102
\abs@leftindent=\dimen141
\absrightindent=\skip103
\absparindent=\skip104
\absparsep=\skip105
\c@vslineno=\count198
\c@poemline=\count199
\c@modulo@vs=\count266
\c@memfvsline=\count267
\vleftskip=\skip106
\vrightskip=\skip107
\stanzaskip=\skip108
\versewidth=\skip109
\vgap=\skip110
\vindent=\skip111
\vleftmargin=\dimen142
\c@verse=\count268
\c@chrsinstr=\count269
\beforepoemtitleskip=\skip112
\afterpoemtitleskip=\skip113
\c@poem=\count270
\beforePoemTitleskip=\skip114
\midPoemTitleskip=\skip115
\afterPoemTitleskip=\skip116

(/usr/share/texlive/texmf-dist/tex/latex/tools/array.sty
Package: array 2021/10/04 v2.5f Tabular extension package (FMi)
\col@sep=\dimen143
\ar@mcellbox=\box50
\extrarowheight=\dimen144
\NC@list=\toks17
\extratabsurround=\skip117
\backup@length=\skip118
\ar@cellbox=\box51
)
(/usr/share/texlive/texmf-dist/tex/latex/tools/dcolumn.sty
Package: dcolumn 2014/10/28 v1.06 decimal alignment package (DPC)
)
(/usr/share/texlive/texmf-dist/tex/latex/tools/delarray.sty
Package: delarray 2014/10/28 v1.01 array delimiter package (DPC)
)
(/usr/share/texlive/texmf-dist/tex/latex/tools/tabularx.sty
Package: tabularx 2020/01/15 v2.11c `tabularx' package (DPC)
\TX@col@width=\dimen145
\TX@old@table=\dimen146
\TX@old@col=\dimen147
\TX@target=\dimen148
\TX@delta=\dimen149
\TX@cols=\count271
\TX@ftn=\toks18
)
\heavyrulewidth=\dimen150
\lightrulewidth=\dimen151
\cmidrulewidth=\dimen152
\belowrulesep=\dimen153
\belowbottomsep=\dimen154
\aboverulesep=\dimen155
\abovetopsep=\dimen156
\cmidrulesep=\dimen157
\cmidrulekern=\dimen158
\defaultaddspace=\dimen159
\@cmidla=\count272
\@cmidlb=\count273
\@aboverulesep=\dimen160
\@belowrulesep=\dimen161
\@thisruleclass=\count274
\@lastruleclass=\count275
\@thisrulewidth=\dimen162
\ctableftskip=\skip119
\ctabrightskip=\skip120
\abovecolumnspenalty=\count276
\@linestogo=\count277
\@cellstogo=\count278
\@cellsincolumn=\count279
\crtok=\toks19
\@mincolumnwidth=\dimen163
\c@newflo@tctr=\count280
\mem@margin@floatbox=\box52
\@contcwidth=\skip121
\@contindw=\skip122
\abovecaptionskip=\skip123
\belowcaptionskip=\skip124
\subfloattopskip=\skip125
\subfloatcapskip=\skip126
\subfloatcaptopadj=\skip127
\subfloatbottomskip=\skip128
\subfloatlabelskip=\skip129
\subfloatcapmargin=\dimen164
\c@@contsubnum=\count281
\m@mscap@capbox=\box53
\m@mscap@fbox=\box54
\sidecapsep=\dimen165
\sidecapwidth=\dimen166
\m@m@tempdima=\dimen167
\m@mscapraise=\dimen168
\sidecapraise=\dimen169
\m@mscapmainwidth=\dimen170
\m@mscaplkern=\dimen171
\beforeepigraphskip=\skip130
\afterepigraphskip=\skip131
\epigraphwidth=\skip132
\epigraphrule=\skip133
LaTeX Info: Redefining \em on input line 7654.
LaTeX Info: Redefining \emph on input line 7662.
\tocentryskip=\skip134
\tocbaseline=\skip135
\cftparskip=\skip136
\cftbeforebookskip=\skip137
\cftbookindent=\dimen172
\cftbooknumwidth=\dimen173
\cftbeforepartskip=\skip138
\cftpartindent=\skip139
\cftpartnumwidth=\skip140
\cftbeforechapterskip=\skip141
\cftchapterindent=\skip142
\cftchapternumwidth=\skip143
\cftbeforesectionskip=\skip144
\cftsectionindent=\skip145
\cftsectionnumwidth=\skip146
\cftbeforesubsectionskip=\skip147
\cftsubsectionindent=\skip148
\cftsubsectionnumwidth=\skip149
\cftbeforesubsubsectionskip=\skip150
\cftsubsubsectionindent=\skip151
\cftsubsubsectionnumwidth=\skip152
\cftbeforeparagraphskip=\skip153
\cftparagraphindent=\skip154
\cftparagraphnumwidth=\skip155
\cftbeforesubparagraphskip=\skip156
\cftsubparagraphindent=\skip157
\cftsubparagraphnumwidth=\skip158
\prechapterprecisshift=\dimen174
\c@maxsecnumdepth=\count282
\bibindent=\dimen175
\bibitemsep=\skip159
\indexcolsep=\skip160
\indexrule=\skip161
\indexmarkstyle=\toks20
\@indexbox=\insert252
\glossarycolsep=\dimen176
\glossaryrule=\dimen177
\sideparvshift=\skip162
\sideins=\insert251
\sidebartopsep=\skip163
\sidebarhsep=\skip164
\sidebarvsep=\skip165
\sidebarwidth=\skip166
\footmarkwidth=\skip167
\footmarksep=\skip168
\footparindent=\skip169
\footinsdim=\skip170
\footinsv@r=\insert250
\@mpfootinsv@r=\insert249
\m@m@k=\count283
\m@m@h=\dimen178
\m@mipn@skip=\skip171
\sidefootins=\insert248
\sidefootadjust=\skip172
\sidefootheight=\skip173
\sidefoothsep=\skip174
\sidefootvsep=\skip175
\sidefootwidth=\skip176
\m@mdownsf=\skip177
\c@sidefootnote=\count284
\sidefootmarkwidth=\skip178
\sidefootmarksep=\skip179
\sidefootparindent=\skip180
\c@pagenote=\count285
\c@pagenoteshadow=\count286
\mem@pn@lastkern=\skip181
\every@verbatim=\toks21
\afterevery@verbatim=\toks22
\verbatim@line=\toks23
\tab@position=\count287
\verbatim@in@stream=\read2
\verbatimindent=\skip182
\verbatim@out=\write3
\bvboxsep=\skip183
\c@memfbvline=\count288
\c@bvlinectr=\count289
\bvnumlength=\skip184
\fb@frw=\dimen179
\fb@frh=\dimen180
\FrameRule=\dimen181
\FrameSep=\dimen182


LaTeX hooks Warning: Generic hook 'package/before/framed' is deprecated.
(hooks)              Use hook 'package/framed/before' instead.

\c@cp@cntr=\count290
\c@ism@mctr=\count291
\c@xsm@mctr=\count292
\c@csm@mctr=\count293
\c@ksm@mctr=\count294
\c@xksm@mctr=\count295
\c@cksm@mctr=\count296
\c@msm@mctr=\count297
\c@xmsm@mctr=\count298
\c@cmsm@mctr=\count299
\c@bsm@mctr=\count300
\c@workm@mctr=\count301
\c@sheetsequence=\count302
\c@lastsheet=\count303
\c@lastpage=\count304
(/usr/share/texlive/texmf-dist/tex/latex/textcase/textcase.sty
Package: textcase 2019/09/14 v1.00 Text only upper/lower case changing (DPC)
)
\c@figure=\count305
\c@lofdepth=\count306
\cftbeforefigureskip=\skip185
\cftfigureindent=\skip186
\cftfigurenumwidth=\skip187
\c@table=\count307
\c@lotdepth=\count308
\cftbeforetableskip=\skip188
\cfttableindent=\skip189
\cfttablenumwidth=\skip190
Package abstract [2008/07/23] emulated by memoir.
Package appendix [2008/07/23] emulated by memoir.
Package booktabs [2016/05/16] emulated by memoir.
Package ccaption [2008/07/23] emulated by memoir.
Package changepage [2008/07/23] emulated by memoir.
Package chngcntr [2008/07/23] emulated by memoir.
Package chngpage [2008/07/23] emulated by memoir.
Package crop emulated by memoir.
Package enumerate [2008/07/23] emulated by memoir.
Package epigraph [2008/07/23] emulated by memoir.
Package ifmtarg [2008/07/23] emulated by memoir.
Package index [2008/07/23] emulated by memoir.
Package makeidx [2008/07/23] emulated by memoir.
Package moreverb [2008/07/23] emulated by memoir.
Package needspace [2008/07/23] emulated by memoir.
Package newfile [2008/07/23] emulated by memoir.
Package nextpage [2008/07/23] emulated by memoir.
Package pagenote [2008/07/23] emulated by memoir.
Package parskip [2008/07/23] emulated by memoir.
Package patchcmd [2008/07/23] emulated by memoir.
Package setspace [2008/07/23] emulated by memoir.
Package shortvrb [2008/07/23] emulated by memoir.
Package showidx [2008/07/23] emulated by memoir.
Package titleref [2008/07/23] emulated by memoir.
Package titling [2008/07/23] emulated by memoir.
Package tocbibind [2008/07/23] emulated by memoir.
Package tocloft [2008/07/23] emulated by memoir.
Package tocvsec2 [2008/07/23] emulated by memoir.
Package verbatim [2008/07/23] emulated by memoir.
Package verse [2008/07/23] emulated by memoir.


LaTeX hooks Warning: Generic hook 'package/before/float' is deprecated.
(hooks)              Use hook 'package/float/before' instead.

) (/usr/share/texlive/texmf-dist/tex/latex/hyperref/hyperref.sty
Package: hyperref 2021-06-07 v7.00m Hypertext links for LaTeX

(/usr/share/texlive/texmf-dist/tex/generic/ltxcmds/ltxcmds.sty
Package: ltxcmds 2020-05-10 v1.25 LaTeX kernel commands for general use (HO)
)
(/usr/share/texlive/texmf-dist/tex/generic/pdftexcmds/pdftexcmds.sty
Package: pdftexcmds 2020-06-27 v0.33 Utility functions of pdfTeX for LuaTeX (HO
)

(/usr/share/texlive/texmf-dist/tex/generic/infwarerr/infwarerr.sty
Package: infwarerr 2019/12/03 v1.5 Providing info/warning/error messages (HO)
)
Package pdftexcmds Info: \pdf@primitive is available.
Package pdftexcmds Info: \pdf@ifprimitive is available.
Package pdftexcmds Info: \pdfdraftmode found.
)
(/usr/share/texlive/texmf-dist/tex/latex/graphics/keyval.sty
Package: keyval 2014/10/28 v1.15 key=value parser (DPC)
\KV@toks@=\toks24
)
(/usr/share/texlive/texmf-dist/tex/generic/kvsetkeys/kvsetkeys.sty
Package: kvsetkeys 2019/12/15 v1.18 Key value parser (HO)
)
(/usr/share/texlive/texmf-dist/tex/generic/kvdefinekeys/kvdefinekeys.sty
Package: kvdefinekeys 2019-12-19 v1.6 Define keys (HO)
)
(/usr/share/texlive/texmf-dist/tex/generic/pdfescape/pdfescape.sty
Package: pdfescape 2019/12/09 v1.15 Implements pdfTeX's escape features (HO)
)
(/usr/share/texlive/texmf-dist/tex/latex/hycolor/hycolor.sty
Package: hycolor 2020-01-27 v1.10 Color options for hyperref/bookmark (HO)
)
(/usr/share/texlive/texmf-dist/tex/latex/letltxmacro/letltxmacro.sty
Package: letltxmacro 2019/12/03 v1.6 Let assignment for LaTeX macros (HO)
)
(/usr/share/texlive/texmf-dist/tex/latex/auxhook/auxhook.sty
Package: auxhook 2019-12-17 v1.6 Hooks for auxiliary files (HO)
)
(/usr/share/texlive/texmf-dist/tex/latex/kvoptions/kvoptions.sty
Package: kvoptions 2020-10-07 v3.14 Key value format for package options (HO)
)
\@linkdim=\dimen183
\Hy@linkcounter=\count309
\Hy@pagecounter=\count310

(/usr/share/texlive/texmf-dist/tex/latex/hyperref/pd1enc.def
File: pd1enc.def 2021-06-07 v7.00m Hyperref: PDFDocEncoding definition (HO)
Now handling font encoding PD1 ...
... no UTF-8 mapping file for font encoding PD1
)
(/usr/share/texlive/texmf-dist/tex/latex/hyperref/hyperref-langpatches.def
File: hyperref-langpatches.def 2021-06-07 v7.00m Hyperref: patches for babel la
nguages
)
(/usr/share/texlive/texmf-dist/tex/generic/intcalc/intcalc.sty
Package: intcalc 2019/12/15 v1.3 Expandable calculations with integers (HO)
)
(/usr/share/texlive/texmf-dist/tex/generic/etexcmds/etexcmds.sty
Package: etexcmds 2019/12/15 v1.7 Avoid name clashes with e-TeX commands (HO)
)
\Hy@SavedSpaceFactor=\count311

(/usr/share/texlive/texmf-dist/tex/latex/hyperref/puenc.def
File: puenc.def 2021-06-07 v7.00m Hyperref: PDF Unicode definition (HO)
Now handling font encoding PU ...
... no UTF-8 mapping file for font encoding PU
)
Package hyperref Info: Hyper figures OFF on input line 4192.
Package hyperref Info: Link nesting OFF on input line 4197.
Package hyperref Info: Hyper index ON on input line 4200.
Package hyperref Info: Plain pages OFF on input line 4207.
Package hyperref Info: Backreferencing OFF on input line 4212.
Package hyperref Info: Implicit mode ON; LaTeX internals redefined.
Package hyperref Info: Bookmarks ON on input line 4445.
\c@Hy@tempcnt=\count312

(/usr/share/texlive/texmf-dist/tex/latex/url/url.sty
\Urlmuskip=\muskip16
Package: url 2013/09/16  ver 3.4  Verb mode for urls, etc.
)
LaTeX Info: Redefining \url on input line 4804.
\XeTeXLinkMargin=\dimen184

(/usr/share/texlive/texmf-dist/tex/generic/bitset/bitset.sty
Package: bitset 2019/12/09 v1.3 Handle bit-vector datatype (HO)

(/usr/share/texlive/texmf-dist/tex/generic/bigintcalc/bigintcalc.sty
Package: bigintcalc 2019/12/15 v1.5 Expandable calculations on big integers (HO
)
))
\Fld@menulength=\count313
\Field@Width=\dimen185
\Fld@charsize=\dimen186
Package hyperref Info: Hyper figures OFF on input line 6076.
Package hyperref Info: Link nesting OFF on input line 6081.
Package hyperref Info: Hyper index ON on input line 6084.
Package hyperref Info: backreferencing OFF on input line 6091.
Package hyperref Info: Link coloring OFF on input line 6096.
Package hyperref Info: Link coloring with OCG OFF on input line 6101.
Package hyperref Info: PDF/A mode OFF on input line 6106.
LaTeX Info: Redefining \ref on input line 6146.
LaTeX Info: Redefining \pageref on input line 6150.

(/usr/share/texlive/texmf-dist/tex/latex/base/atbegshi-ltx.sty
Package: atbegshi-ltx 2021/01/10 v1.0c Emulation of the original atbegshi
package with kernel methods
)
\Hy@abspage=\count314
\c@Item=\count315
\c@Hfootnote=\count316
)
(/usr/share/texlive/texmf-dist/tex/latex/memoir/memhfixc.sty
Package: memhfixc 2021/06/16 v1.19 nameref/hyperref package fixes for memoir cl
ass


LaTeX hooks Warning: Generic hook 'package/after/nameref' is deprecated.
(hooks)              Use hook 'package/nameref/after' instead.

\c@memhycontfloat=\count317
\c@Hpagenote=\count318

LaTeX hooks Warning: Generic hook 'package/after/hypcap' is deprecated.
(hooks)              Use hook 'package/hypcap/after' instead.

)
Package hyperref Info: Driver (autodetected): hpdftex.
 (/usr/share/texlive/texmf-dist/tex/latex/hyperref/hpdftex.def
File: hpdftex.def 2021-06-07 v7.00m Hyperref driver for pdfTeX

(/usr/share/texlive/texmf-dist/tex/latex/base/atveryend-ltx.sty
Package: atveryend-ltx 2020/08/19 v1.0a Emulation of the original atveryend pac
kage
with kernel methods
)
\Fld@listcount=\count319
\c@bookmark@seq@number=\count320

(/usr/share/texlive/texmf-dist/tex/latex/rerunfilecheck/rerunfilecheck.sty
Package: rerunfilecheck 2019/12/05 v1.9 Rerun checks for auxiliary files (HO)

(/usr/share/texlive/texmf-dist/tex/generic/uniquecounter/uniquecounter.sty
Package: uniquecounter 2019/12/15 v1.4 Provide unlimited unique counter (HO)
)
Package uniquecounter Info: New unique counter `rerunfilecheck' on input line 2
86.
)
\Hy@SectionHShift=\skip191
)
(/usr/share/texlive/texmf-dist/tex/latex/bookmark/bookmark.sty
Package: bookmark 2020-11-06 v1.29 PDF bookmarks (HO)

(/usr/share/texlive/texmf-dist/tex/latex/bookmark/bkm-pdftex.def
File: bkm-pdftex.def 2020-11-06 v1.29 bookmark driver for pdfTeX (HO)
\BKM@id=\count321
))
(/usr/share/texlive/texmf-dist/tex/generic/babel/babel.sty
Package: babel 2022/01/26 3.70 The Babel package
\babel@savecnt=\count322
\U@D=\dimen187
\l@unhyphenated=\language87

(/usr/share/texlive/texmf-dist/tex/generic/babel/txtbabel.def)
\bbl@readstream=\read3
\bbl@dirlevel=\count323

(/usr/share/texlive/texmf-dist/tex/generic/babel-english/english.ldf
Language: english 2017/06/06 v3.3r English support from the babel system
Package babel Info: Hyphen rules for 'canadian' set to \l@english
(babel)             (\language0). Reported on input line 102.
Package babel Info: Hyphen rules for 'australian' set to \l@ukenglish
(babel)             (\language53). Reported on input line 105.
Package babel Info: Hyphen rules for 'newzealand' set to \l@ukenglish
(babel)             (\language53). Reported on input line 108.
)
(/usr/share/texlive/texmf-dist/tex/generic/babel-spanish/spanish.ldf
Language: spanish.ldf 2021/05/27 v5.0q Spanish support from the babel system
\es@quottoks=\toks25
\es@quotdepth=\count324
Package babel Info: Making " an active character on input line 570.
Package babel Info: Making . an active character on input line 675.
Package babel Info: Making < an active character on input line 722.
Package babel Info: Making > an active character on input line 722.
)
(/usr/share/texlive/texmf-dist/tex/generic/babel-portuges/brazil.ldf
Language: portuges 2021/07/09 v1.2t Portuguese support from the babel system
Package babel Info: Hyphen rules for 'brazil' set to \l@portuguese
(babel)             (\language77). Reported on input line 111.
))
(/usr/share/texlive/texmf-dist/tex/latex/enumitem/enumitem.sty
Package: enumitem 2019/06/20 v3.9 Customized lists
\labelindent=\skip192
\enit@outerparindent=\dimen188
\enit@toks=\toks26
\enit@inbox=\box55
\enit@count@id=\count325
\enitdp@description=\count326
)
(/usr/share/texlive/texmf-dist/tex/latex/tools/calc.sty
Package: calc 2017/05/25 v4.3 Infix arithmetic (KKT,FJ)
\calc@Acount=\count327
\calc@Bcount=\count328
\calc@Adimen=\dimen189
\calc@Bdimen=\dimen190
\calc@Askip=\skip193
\calc@Bskip=\skip194
LaTeX Info: Redefining \setlength on input line 80.
LaTeX Info: Redefining \addtolength on input line 81.
\calc@Ccount=\count329
\calc@Cskip=\skip195
)

******************************************************
Stock height and width: 845.04684pt by 597.50787pt
Top and edge trims: 0pt and 0pt
Page height and width: 845.04684pt by 597.50787pt
Text height and width: 708pt by 455pt
Spine and edge margins: 85.35826pt and 56.9055pt
Upper and lower margins: 85.35826pt and 51.68858pt
Headheight and headsep: 14.5pt and 19.8738pt
Footskip: 30pt
Columnsep and columnseprule: 10pt and 0pt
Marginparsep and marginparwidth: 7pt and 42.9055pt
Sidecapsep and sidecapwidth: 7pt and 42pt
Sidebarhsep and sidebarwidth: 7pt and 42pt
Sidebarvsep and sidebartopsep: 14.5pt and 0pt
Sidebarheight: 590.14995pt
Sidefoothsep and sidefootwidth: 7pt and 42pt
Sidefootvsep and sidefootheight: 14.5pt and 590.14995pt
******************************************************

\c@abntex@bookmarkcounter=\count330

LaTeX hooks Warning: Generic hook 'package/after/caption' is deprecated.
(hooks)              Use hook 'package/caption/after' instead.

\cftlastnumwidth=\skip196
\chapternamenumlength=\skip197
\ABNTEXcitacaorecuo=\skip198
\c@alineasi=\count331
\c@alineasii=\count332
\enitdp@alineas=\count333
\c@subalineasi=\count334
\enitdp@subalineas=\count335
\c@incisosi=\count336
\enitdp@incisos=\count337
\ABNTEXsignwidth=\skip199
\ABNTEXsignthickness=\skip256
\ABNTEXsignskip=\skip257
) (/usr/share/texlive/texmf-dist/tex/latex/base/inputenc.sty
Package: inputenc 2021/02/14 v1.3d Input encoding file
\inpenc@prehook=\toks27
\inpenc@posthook=\toks28
)
(/usr/share/texlive/texmf-dist/tex/latex/base/fontenc.sty
Package: fontenc 2021/04/29 v2.0v Standard LaTeX package
)
(/usr/share/texlive/texmf-dist/tex/latex/graphics/graphicx.sty
Package: graphicx 2021/09/16 v1.2d Enhanced LaTeX Graphics (DPC,SPQR)

(/usr/share/texlive/texmf-dist/tex/latex/graphics/graphics.sty
Package: graphics 2021/03/04 v1.4d Standard LaTeX Graphics (DPC,SPQR)

(/usr/share/texlive/texmf-dist/tex/latex/graphics/trig.sty
Package: trig 2021/08/11 v1.11 sin cos tan (DPC)
)
(/usr/share/texlive/texmf-dist/tex/latex/graphics-cfg/graphics.cfg
File: graphics.cfg 2016/06/04 v1.11 sample graphics configuration
)
Package graphics Info: Driver file: pdftex.def on input line 107.

(/usr/share/texlive/texmf-dist/tex/latex/graphics-def/pdftex.def
File: pdftex.def 2020/10/05 v1.2a Graphics/color driver for pdftex
))
\Gin@req@height=\dimen191
\Gin@req@width=\dimen192
)
(/usr/share/texlive/texmf-dist/tex/latex/amsfonts/amsfonts.sty
Package: amsfonts 2013/01/14 v3.01 Basic AMSFonts support
\@emptytoks=\toks29
\symAMSa=\mathgroup4
\symAMSb=\mathgroup5
LaTeX Font Info:    Redeclaring math symbol \hbar on input line 98.
LaTeX Font Info:    Overwriting math alphabet `\mathfrak' in version `bold'
(Font)                  U/euf/m/n --> U/euf/b/n on input line 106.
)
(/usr/share/texlive/texmf-dist/tex/latex/amsfonts/amssymb.sty
Package: amssymb 2013/01/14 v3.01 AMS font symbols
)
(/usr/share/texlive/texmf-dist/tex/latex/amsmath/amsmath.sty
Package: amsmath 2021/10/15 v2.17l AMS math features
\@mathmargin=\skip258

For additional information on amsmath, use the `?' option.
(/usr/share/texlive/texmf-dist/tex/latex/amsmath/amstext.sty
Package: amstext 2021/08/26 v2.01 AMS text

(/usr/share/texlive/texmf-dist/tex/latex/amsmath/amsgen.sty
File: amsgen.sty 1999/11/30 v2.0 generic functions
\@emptytoks=\toks30
\ex@=\dimen193
))
(/usr/share/texlive/texmf-dist/tex/latex/amsmath/amsbsy.sty
Package: amsbsy 1999/11/29 v1.2d Bold Symbols
\pmbraise@=\dimen194
)
(/usr/share/texlive/texmf-dist/tex/latex/amsmath/amsopn.sty
Package: amsopn 2021/08/26 v2.02 operator names
)
\inf@bad=\count338
LaTeX Info: Redefining \frac on input line 234.
\uproot@=\count339
\leftroot@=\count340
LaTeX Info: Redefining \overline on input line 399.
\classnum@=\count341
\DOTSCASE@=\count342
LaTeX Info: Redefining \ldots on input line 496.
LaTeX Info: Redefining \dots on input line 499.
LaTeX Info: Redefining \cdots on input line 620.
\Mathstrutbox@=\box56
\strutbox@=\box57
\big@size=\dimen195
LaTeX Font Info:    Redeclaring font encoding OML on input line 743.
LaTeX Font Info:    Redeclaring font encoding OMS on input line 744.
\macc@depth=\count343
\c@MaxMatrixCols=\count344
\dotsspace@=\muskip17
\c@parentequation=\count345
\dspbrk@lvl=\count346
\tag@help=\toks31
\row@=\count347
\column@=\count348
\maxfields@=\count349
\andhelp@=\toks32
\eqnshift@=\dimen196
\alignsep@=\dimen197
\tagshift@=\dimen198
\tagwidth@=\dimen199
\totwidth@=\dimen256
\lineht@=\dimen257
\@envbody=\toks33
\multlinegap=\skip259
\multlinetaggap=\skip260
\mathdisplay@stack=\toks34
LaTeX Info: Redefining \[ on input line 2938.
LaTeX Info: Redefining \] on input line 2939.
)
(/usr/share/texlive/texmf-dist/tex/latex/multirow/multirow.sty
Package: multirow 2021/03/15 v2.8 Span multiple rows of a table
\multirow@colwidth=\skip261
\multirow@cntb=\count350
\multirow@dima=\skip262
\bigstrutjot=\dimen258
)
(/usr/share/texlive/texmf-dist/tex/latex/tools/indentfirst.sty
Package: indentfirst 1995/11/23 v1.03 Indent first paragraph (DPC)
)
(/usr/share/texlive/texmf-dist/tex/latex/listings/listings.sty
\lst@mode=\count351
\lst@gtempboxa=\box58
\lst@token=\toks35
\lst@length=\count352
\lst@currlwidth=\dimen259
\lst@column=\count353
\lst@pos=\count354
\lst@lostspace=\dimen260
\lst@width=\dimen261
\lst@newlines=\count355
\lst@lineno=\count356
\lst@maxwidth=\dimen262

(/usr/share/texlive/texmf-dist/tex/latex/listings/lstmisc.sty
File: lstmisc.sty 2020/03/24 1.8d (Carsten Heinz)
\c@lstnumber=\count357
\lst@skipnumbers=\count358
\lst@framebox=\box59
)
(/usr/share/texlive/texmf-dist/tex/latex/listings/listings.cfg
File: listings.cfg 2020/03/24 1.8d listings configuration
))
Package: listings 2020/03/24 1.8d (Carsten Heinz)

(/usr/share/texlive/texmf-dist/tex/latex/xcolor/xcolor.sty
Package: xcolor 2021/10/31 v2.13 LaTeX color extensions (UK)

(/usr/share/texlive/texmf-dist/tex/latex/graphics-cfg/color.cfg
File: color.cfg 2016/01/02 v1.6 sample color configuration
)
Package xcolor Info: Driver file: pdftex.def on input line 227.
Package xcolor Info: Model `cmy' substituted by `cmy0' on input line 1352.
Package xcolor Info: Model `hsb' substituted by `rgb' on input line 1356.
Package xcolor Info: Model `RGB' extended on input line 1368.
Package xcolor Info: Model `HTML' substituted by `rgb' on input line 1370.
Package xcolor Info: Model `Hsb' substituted by `hsb' on input line 1371.
Package xcolor Info: Model `tHsb' substituted by `hsb' on input line 1372.
Package xcolor Info: Model `HSB' substituted by `hsb' on input line 1373.
Package xcolor Info: Model `Gray' substituted by `gray' on input line 1374.
Package xcolor Info: Model `wave' substituted by `hsb' on input line 1375.
)
(/usr/share/texlive/texmf-dist/tex/latex/microtype/microtype.sty
Package: microtype 2021/12/10 v3.0b Micro-typographical refinements (RS)

(/usr/share/texlive/texmf-dist/tex/latex/etoolbox/etoolbox.sty
Package: etoolbox 2020/10/05 v2.5k e-TeX tools for LaTeX (JAW)
\etb@tempcnta=\count359
)
\MT@toks=\toks36
\MT@count=\count360
\MT@tempbox=\box60
LaTeX Info: Redefining \leftprotrusion on input line 1010.
LaTeX Info: Redefining \rightprotrusion on input line 1018.
LaTeX Info: Redefining \textls on input line 1173.
\MT@outer@kern=\dimen263
LaTeX Info: Redefining \textmicrotypecontext on input line 1759.
\MT@listname@count=\count361

(/usr/share/texlive/texmf-dist/tex/latex/microtype/microtype-pdftex.def
File: microtype-pdftex.def 2021/12/10 v3.0b Definitions specific to pdftex (RS)

LaTeX Info: Redefining \lsstyle on input line 897.
LaTeX Info: Redefining \lslig on input line 897.
\MT@outer@space=\skip263
)
Package microtype Info: Loading configuration file microtype.cfg.

(/usr/share/texlive/texmf-dist/tex/latex/microtype/microtype.cfg
File: microtype.cfg 2021/12/10 v3.0b microtype main configuration file (RS)
))
(/usr/share/texlive/texmf-dist/tex/latex/algorithm2e/algorithm2e.sty
Package: algorithm2e 2017/07/18 v5.2 algorithms environments
\c@AlgoLine=\count362
\algocf@hangindent=\skip264

(/usr/share/texlive/texmf-dist/tex/latex/ifoddpage/ifoddpage.sty
Package: ifoddpage 2016/04/23 v1.1 Conditionals for odd/even page detection
\c@checkoddpage=\count363
LaTeX Info: Redefining \checkoddpage on input line 45.
)
(/usr/share/texlive/texmf-dist/tex/latex/tools/xspace.sty
Package: xspace 2014/10/28 v1.13 Space after command names (DPC,MH)
)
(/usr/share/texlive/texmf-dist/tex/latex/relsize/relsize.sty
Package: relsize 2013/03/29 ver 4.1
)
\skiptotal=\skip265
\skiplinenumber=\skip266
\skiprule=\skip267
\skiphlne=\skip268
\skiptext=\skip269
\skiplength=\skip270
\algomargin=\skip271
\skipalgocfslide=\skip272
\algowidth=\dimen264
\inoutsize=\dimen265
\inoutindent=\dimen266
\interspacetitleruled=\dimen267
\interspacealgoruled=\dimen268
\interspacetitleboxruled=\dimen269
\algocf@ruledwidth=\skip273
\algocf@inoutbox=\box61
\algocf@inputbox=\box62
\AlCapSkip=\skip274
\AlCapHSkip=\skip275
\algoskipindent=\skip276
\algocf@nlbox=\box63
\algocf@hangingbox=\box64
\algocf@untilbox=\box65
\algocf@skipuntil=\skip277
\algocf@capbox=\box66
\algocf@lcaptionbox=\skip278
\algoheightruledefault=\skip279
\algoheightrule=\skip280
\algotitleheightruledefault=\skip281
\algotitleheightrule=\skip282
\c@algocfline=\count364
\c@algocfproc=\count365
\c@algocf=\count366
\algocf@algoframe=\box67
\algocf@algobox=\box68
)
(/usr/share/texlive/texmf-dist/tex/latex/algorithms/algorithmic.sty
Package: algorithmic 2009/08/24 v0.1 Document Style `algorithmic'
\c@ALC@unique=\count367
\c@ALC@line=\count368
\c@ALC@rem=\count369
\c@ALC@depth=\count370
\ALC@tlm=\skip283
\algorithmicindent=\skip284
)
(/usr/share/texlive/texmf-dist/tex/latex/lipsum/lipsum.sty
(/usr/share/texlive/texmf-dist/tex/latex/l3packages/l3keys2e/l3keys2e.sty
(/usr/share/texlive/texmf-dist/tex/latex/l3kernel/expl3.sty
Package: expl3 2022-01-21 L3 programming layer (loader) 

(/usr/share/texlive/texmf-dist/tex/latex/l3backend/l3backend-pdftex.def
File: l3backend-pdftex.def 2022-01-12 L3 backend support: PDF output (pdfTeX)
\l__color_backend_stack_int=\count371
\l__pdf_internal_box=\box69
))
Package: l3keys2e 2022-01-12 LaTeX2e option processing using LaTeX3 keys
)
Package: lipsum 2021-09-20 v2.7 150 paragraphs of Lorem Ipsum dummy text
\g__lipsum_par_int=\count372
\l__lipsum_a_int=\count373
\l__lipsum_b_int=\count374

(/usr/share/texlive/texmf-dist/tex/latex/lipsum/lipsum.ltd.tex))
(/usr/share/texlive/texmf-dist/tex/latex/glossaries/base/glossaries.sty
Package: glossaries 2021/11/01 v4.49 (NLCT)

(/usr/share/texlive/texmf-dist/tex/latex/xkeyval/xkeyval.sty
Package: xkeyval 2020/11/20 v2.8 package option processing (HA)

(/usr/share/texlive/texmf-dist/tex/generic/xkeyval/xkeyval.tex
(/usr/share/texlive/texmf-dist/tex/generic/xkeyval/xkvutils.tex
\XKV@toks=\toks37
\XKV@tempa@toks=\toks38
)
\XKV@depth=\count375
File: xkeyval.tex 2014/12/03 v2.7a key=value parser (HA)
))
(/usr/share/texlive/texmf-dist/tex/latex/mfirstuc/mfirstuc.sty
Package: mfirstuc 2021/10/15 v2.07 (NLCT)
\@glsmfirst=\toks39
\@glsmrest=\toks40
)
(/usr/share/texlive/texmf-dist/tex/latex/xfor/xfor.sty
Package: xfor 2009/02/05 v1.05 (NLCT)
)
(/usr/share/texlive/texmf-dist/tex/latex/datatool/datatool-base.sty
Package: datatool-base 2019/09/27 v2.32 (NLCT)

(/usr/share/texlive/texmf-dist/tex/latex/substr/substr.sty
Package: substr 2009/10/20 v1.2 Handle substrings
\c@su@anzahl=\count376
)
(/usr/share/texlive/texmf-dist/tex/latex/datatool/datatool-fp.sty
Package: datatool-fp 2019/09/27 v2.32 (NLCT)

(/usr/share/texlive/texmf-dist/tex/latex/fp/fp.sty
Package: fp 1995/04/02

`Fixed Point Package', Version 0.8, April 2, 1995 (C) Michael Mehlich
(/usr/share/texlive/texmf-dist/tex/latex/fp/defpattern.sty
Package: defpattern 1994/10/12
\actioncount=\count377
)
(/usr/share/texlive/texmf-dist/tex/latex/fp/fp-basic.sty
Package: fp-basic 1996/05/13
\FP@xs=\count378
\FP@xia=\count379
\FP@xib=\count380
\FP@xfa=\count381
\FP@xfb=\count382
\FP@rega=\count383
\FP@regb=\count384
\FP@regs=\count385
\FP@times=\count386
)
(/usr/share/texlive/texmf-dist/tex/latex/fp/fp-addons.sty
Package: fp-addons 1995/03/15
)
(/usr/share/texlive/texmf-dist/tex/latex/fp/fp-snap.sty
Package: fp-snap 1995/04/05
)
(/usr/share/texlive/texmf-dist/tex/latex/fp/fp-exp.sty
Package: fp-exp 1995/04/03
)
(/usr/share/texlive/texmf-dist/tex/latex/fp/fp-trigo.sty
Package: fp-trigo 1995/04/14
)
(/usr/share/texlive/texmf-dist/tex/latex/fp/fp-pas.sty
Package: fp-pas 1994/08/29
)
(/usr/share/texlive/texmf-dist/tex/latex/fp/fp-random.sty
Package: fp-random 1995/02/23
\FPseed=\count387
)
(/usr/share/texlive/texmf-dist/tex/latex/fp/fp-eqn.sty
Package: fp-eqn 1995/04/03
)
(/usr/share/texlive/texmf-dist/tex/latex/fp/fp-upn.sty
Package: fp-upn 1996/10/21
)
(/usr/share/texlive/texmf-dist/tex/latex/fp/fp-eval.sty
Package: fp-eval 1995/04/03
)))
\@dtl@toks=\toks41
\@dtl@tmpcount=\count388
\dtl@tmplength=\skip285
\dtl@sortresult=\count389
\@dtl@numgrpsepcount=\count390
\@dtl@datatype=\count391
\dtl@codeA=\count392
\dtl@codeB=\count393
\@dtl@foreach@level=\count394
)
(/usr/share/texlive/texmf-dist/tex/latex/glossaries/base/glossaries-compatible-
307.sty
Package: glossaries-compatible-307 2021/11/01 v4.49 (NLCT)
) (/usr/share/texlive/texmf-dist/tex/latex/tracklang/tracklang.sty
Package: tracklang 2020/06/30 v1.5 (NLCT) Track Languages

(/usr/share/texlive/texmf-dist/tex/generic/tracklang/tracklang.tex))
(/usr/share/texlive/texmf-dist/tex/latex/translator/translator.sty
Package: translator 2021-05-31 v1.12d Easy translation of strings in LaTeX
)
(/usr/share/texlive/texmf-dist/tex/latex/glossaries-english/glossaries-english.
ldf
File: glossaries-english.ldf 2014/11/23 v1.0
)
(/usr/share/texlive/texmf-dist/tex/latex/glossaries-spanish/glossaries-spanish.
ldf
File: glossaries-spanish.ldf 2014/11/23 v1.0

(/usr/share/texlive/texmf-dist/tex/latex/glossaries-spanish/glossaries-spanish-
utf8.ldf))
(/usr/share/texlive/texmf-dist/tex/latex/glossaries-portuges/glossaries-pt-BR.l
df
File: glossaries-pt-BR.ldf 2014/11/23 v1.0

(/usr/share/texlive/texmf-dist/tex/latex/glossaries-portuges/glossaries-portuge
s-utf8.ldf))
\gls@level=\count395
\@gls@tmpb=\toks42
\gls@tmplen=\skip286


Package glossaries Warning: Overriding \printglossary on input line 6052.


Package glossaries Warning: Overriding `theglossary' environment on input line 
6658.

\glskeylisttok=\toks43
\glslabeltok=\toks44
\glsshorttok=\toks45
\glslongtok=\toks46

(/usr/share/texlive/texmf-dist/tex/latex/glossaries/styles/glossary-hypernav.st
y
Package: glossary-hypernav 2021/11/01 v4.49 (NLCT)
) (/usr/share/texlive/texmf-dist/tex/latex/glossaries/styles/glossary-list.sty
Package: glossary-list 2021/11/01 v4.49 (NLCT)
\glslistdottedwidth=\skip287
) (/usr/share/texlive/texmf-dist/tex/latex/glossaries/styles/glossary-long.sty
Package: glossary-long 2021/11/01 v4.49 (NLCT)

(/usr/share/texlive/texmf-dist/tex/latex/tools/longtable.sty
Package: longtable 2021-09-01 v4.17 Multi-page Table package (DPC)
\LTleft=\skip288
\LTright=\skip289
\LTpre=\skip290
\LTpost=\skip291
\LTchunksize=\count396
\LTcapwidth=\dimen270
\LT@head=\box70
\LT@firsthead=\box71
\LT@foot=\box72
\LT@lastfoot=\box73
\LT@gbox=\box74
\LT@cols=\count397
\LT@rows=\count398
\c@LT@tables=\count399
\c@LT@chunks=\count400
\LT@p@ftn=\toks47
)
\glsdescwidth=\skip292
\glspagelistwidth=\skip293
)
(/usr/share/texlive/texmf-dist/tex/latex/glossaries/styles/glossary-super.sty
Package: glossary-super 2021/11/01 v4.49 (NLCT)

(/usr/share/texlive/texmf-dist/tex/latex/supertabular/supertabular.sty
Package: supertabular 2020/02/02 v4.1g the supertabular environment
\c@tracingst=\count401
\ST@wd=\dimen271
\ST@rightskip=\skip294
\ST@leftskip=\skip295
\ST@parfillskip=\skip296
\ST@pageleft=\dimen272
\ST@headht=\dimen273
\ST@tailht=\dimen274
\ST@pagesofar=\dimen275
\ST@pboxht=\dimen276
\ST@lineht=\dimen277
\ST@prevht=\dimen278
\ST@toadd=\dimen279
\ST@dimen=\dimen280
\ST@pbox=\box75
))
(/usr/share/texlive/texmf-dist/tex/latex/glossaries/styles/glossary-tree.sty
Package: glossary-tree 2021/11/01 v4.49 (NLCT)
\glstreeindent=\skip297
))
(/usr/share/texlive/texmf-dist/tex/latex/caption/caption.sty
Package: caption 2020/10/26 v3.5g Customizing captions (AR)

(/usr/share/texlive/texmf-dist/tex/latex/caption/caption3.sty
Package: caption3 2020/10/21 v2.2e caption3 kernel (AR)
\captionmargin=\dimen281
\captionmargin@=\dimen282
\captionwidth=\dimen283
\caption@tempdima=\dimen284
\caption@indent=\dimen285
\caption@parindent=\dimen286
\caption@hangindent=\dimen287
Package caption Info: memoir document class detected.

(/usr/share/texlive/texmf-dist/tex/latex/caption/caption-memoir.sto
File: caption-memoir.sto 2020/10/10 v2.1 Adaption of the caption package to the
 memoir document class (AR)
))
\c@caption@flags=\count402
\c@continuedfloat=\count403
Package caption Info: changepage package is loaded.
\caption@adjustwidth@hsize=\dimen288
\caption@adjustwidth@linewidth=\dimen289
Package caption Info: hyperref package is loaded.
Package caption Info: listings package is loaded.
Package caption Info: longtable package is loaded.

(/usr/share/texlive/texmf-dist/tex/latex/caption/ltcaption.sty
Package: ltcaption 2020/05/30 v1.4b longtable captions (AR)
)
Package caption Info: supertabular package is loaded.
)
(/usr/share/texlive/texmf-dist/tex/latex/abntex2/abntex2cite.sty
Package: abntex2cite 2018/11/24 v-1.9.7 abnTeX2

(/usr/share/texlive/texmf-dist/tex/latex/abntex2/abntex2abrev.sty)
\minimumbiblabelwidth=\skip298
\ABCIauxlen=\skip299
\c@ABCIaux=\count404
\c@ABCImax=\count405

(/usr/share/texlive/texmf-dist/tex/generic/iftex/ifpdf.sty
Package: ifpdf 2019/10/25 v3.4 ifpdf legacy package. Use iftex instead.
)
(/usr/share/texlive/texmf-dist/tex/generic/iftex/ifxetex.sty
Package: ifxetex 2019/10/25 v0.7 ifxetex legacy package. Use iftex instead.
)
\biblabelsep=\skip300
LaTeX Info: Redefining \newblock on input line 591.
LaTeX Info: Redefining \cite on input line 618.
\ABCItoken=\toks48
)
(/usr/share/texlive/texmf-dist/tex/latex/psnfss/mathptmx.sty
Package: mathptmx 2020/03/25 PSNFSS-v9.3 Times w/ Math, improved (SPQR, WaS) 
LaTeX Font Info:    Redeclaring symbol font `operators' on input line 28.
LaTeX Font Info:    Overwriting symbol font `operators' in version `normal'
(Font)                  OT1/cmr/m/n --> OT1/ztmcm/m/n on input line 28.
LaTeX Font Info:    Overwriting symbol font `operators' in version `bold'
(Font)                  OT1/cmr/bx/n --> OT1/ztmcm/m/n on input line 28.
LaTeX Font Info:    Redeclaring symbol font `letters' on input line 29.
LaTeX Font Info:    Overwriting symbol font `letters' in version `normal'
(Font)                  OML/cmm/m/it --> OML/ztmcm/m/it on input line 29.
LaTeX Font Info:    Overwriting symbol font `letters' in version `bold'
(Font)                  OML/cmm/b/it --> OML/ztmcm/m/it on input line 29.
LaTeX Font Info:    Redeclaring symbol font `symbols' on input line 30.
LaTeX Font Info:    Overwriting symbol font `symbols' in version `normal'
(Font)                  OMS/cmsy/m/n --> OMS/ztmcm/m/n on input line 30.
LaTeX Font Info:    Overwriting symbol font `symbols' in version `bold'
(Font)                  OMS/cmsy/b/n --> OMS/ztmcm/m/n on input line 30.
LaTeX Font Info:    Redeclaring symbol font `largesymbols' on input line 31.
LaTeX Font Info:    Overwriting symbol font `largesymbols' in version `normal'
(Font)                  OMX/cmex/m/n --> OMX/ztmcm/m/n on input line 31.
LaTeX Font Info:    Overwriting symbol font `largesymbols' in version `bold'
(Font)                  OMX/cmex/m/n --> OMX/ztmcm/m/n on input line 31.
\symbold=\mathgroup6
\symitalic=\mathgroup7
LaTeX Font Info:    Redeclaring math alphabet \mathbf on input line 34.
LaTeX Font Info:    Overwriting math alphabet `\mathbf' in version `normal'
(Font)                  OT1/cmr/bx/n --> OT1/ptm/bx/n on input line 34.
LaTeX Font Info:    Overwriting math alphabet `\mathbf' in version `bold'
(Font)                  OT1/cmr/bx/n --> OT1/ptm/bx/n on input line 34.
LaTeX Font Info:    Redeclaring math alphabet \mathit on input line 35.
LaTeX Font Info:    Overwriting math alphabet `\mathit' in version `normal'
(Font)                  OT1/cmr/m/it --> OT1/ptm/m/it on input line 35.
LaTeX Font Info:    Overwriting math alphabet `\mathit' in version `bold'
(Font)                  OT1/cmr/bx/it --> OT1/ptm/m/it on input line 35.
LaTeX Info: Redefining \hbar on input line 50.
)
(/usr/share/texlive/texmf-dist/tex/latex/paracol/paracol.sty
Package: paracol 2018/12/31 v1.35 
\pcol@currcol=\count406
\pcol@nextcol=\count407
\pcol@ncol=\count408
\pcol@ncolleft=\count409
\pcol@page=\count410
\pcol@basepage=\count411
\pcol@toppage=\count412
\pcol@footnotebase=\count413
\pcol@nfootnotes=\count414
\pcol@mcid=\count415
\pcol@prevdepth=\dimen290
\pcol@colht=\dimen291
\pcol@textfloatsep=\dimen292
\pcol@lrmargin=\dimen293
\pagerim=\dimen294
\pcol@topskip=\skip301
\belowfootnoteskip=\skip302
\pcol@topfnotes=\box76
\pcol@prespan=\box77
\pcol@rightpage=\box78
\pcol@colorstack@saved=\box79
\pcol@tempboxa=\box80
\pcol@tempboxb=\box81
\pcol@colorins=\insert247
\pcol@everyvbox=\toks49
)
(./lib/unifortex2.sty (./elementos-pos-textuais/glossario.tex)
(./elementos-pre-textuais/lista-de-abreviaturas-e-siglas.tex)

******************************************************
Stock height and width: 845.04684pt by 597.50787pt
Top and edge trims: 0pt and 0pt
Page height and width: 845.04684pt by 597.50787pt
Text height and width: 713.78398pt by 455pt
Spine and edge margins: 85.35826pt and 56.9055pt
Upper and lower margins: 85.35826pt and 45.9046pt
Headheight and headsep: 14.5pt and 19.8738pt
Footskip: 30pt
Columnsep and columnseprule: 10pt and 0pt
Marginparsep and marginparwidth: 7pt and 42.9055pt
Sidecapsep and sidecapwidth: 7pt and 42pt
Sidebarhsep and sidebarwidth: 7pt and 42pt
Sidebarvsep and sidebartopsep: 14.5pt and 0pt
Sidebarheight: 590.14995pt
Sidefoothsep and sidefootwidth: 7pt and 42pt
Sidefootvsep and sidefootheight: 14.5pt and 590.14995pt
******************************************************

\enitdp@alineascomponto=\count416
\c@subalineascompontoi=\count417
\enitdp@subalineascomponto=\count418
\c@alineascomnumeroi=\count419
\c@alineascomnumeroii=\count420
\enitdp@alineascomnumero=\count421
\c@subalineascomnumeroi=\count422
\enitdp@subalineascomnumero=\count423
\c@afirmacao=\count424
\c@argumento=\count425
\c@teo=\count426
\c@lema=\count427
\c@cor=\count428
\c@conjec=\count429
\c@premissa=\count430
\c@procedimento=\count431
\c@heuristica=\count432
\c@axioma=\count433
\c@exem=\count434
\c@xdefinicao=\count435
\c@cdefinicao=\count436
\c@propriedade=\count437
\c@quest=\count438
\c@quadro=\count439
\c@loqdepth=\count440
\cftbeforequadroskip=\skip303
\cftquadroindent=\skip304
\cftquadronumwidth=\skip305
\mylen=\skip306
\cftbeforelstlistingskip=\skip307
\cftlstlistingindent=\skip308
\cftlstlistingnumwidth=\skip309
\myAlgoLen=\skip310
\cftbeforealgocfskip=\skip311
\cftalgocfindent=\skip312
\cftalgocfnumwidth=\skip313
) (/usr/share/texlive/texmf-dist/tex/latex/pdfpages/pdfpages.sty
Package: pdfpages 2022/01/29 v0.5u Insert pages of external PDF documents (AM)

(/usr/share/texlive/texmf-dist/tex/latex/eso-pic/eso-pic.sty
Package: eso-pic 2020/10/14 v3.0a eso-pic (RN)
\ESO@tempdima=\dimen295
\ESO@tempdimb=\dimen296
)
\AM@pagewidth=\dimen297
\AM@pageheight=\dimen298
\AM@fboxrule=\dimen299

(/usr/share/texlive/texmf-dist/tex/latex/pdfpages/pppdftex.def
File: pppdftex.def 2022/01/29 v0.5u Pdfpages driver for pdfTeX (AM)
)
\pdfpages@includegraphics@status=\count441
\AM@pagebox=\box82
\AM@global@opts=\toks50
\AM@pagecnt=\count442
\AM@toc@title=\toks51
\c@AM@survey=\count443
\AM@templatesizebox=\box83
)
\glswrite=\write4
\glo@main@file=\write5
\openout5 = `main.glo'.

Package glossaries Info: Writing glossary file main.glo on input line 78.
\glo@acronym@file=\write6
\openout6 = `main.acn'.

Package glossaries Info: Writing glossary file main.acn on input line 78.

(/usr/share/texlive/texmf-dist/tex/latex/eurosym/eurosym.sty
Package: eurosym 1998/08/06 v1.1 European currency symbol ``Euro''
\@eurobox=\box84
)
(/usr/share/texlive/texmf-dist/tex/latex/graphics/lscape.sty
Package: lscape 2020/05/28 v3.02 Landscape Pages (DPC)
)
\main@idxfile=\write7
\openout7 = `main.idx'.


Writing index file main.idx 
(/usr/share/texlive/texmf-dist/tex/latex/caption/subcaption.sty
Package: subcaption 2020/10/07 v1.3j Sub-captions (AR)
\c@subfigure=\count444
\c@subtable=\count445
))
(/usr/share/texlive/texmf-dist/tex/latex/float/float.sty
Package: float 2001/11/08 v1.3d Float enhancements (AL)
\c@float@type=\count446
\float@exts=\toks52
\float@box=\box85
\@float@everytoks=\toks53
\@floatcapt=\box86
)
LaTeX Font Info:    Trying to load font information for T1+ptm on input line 46
.

(/usr/share/texlive/texmf-dist/tex/latex/psnfss/t1ptm.fd
File: t1ptm.fd 2001/06/04 font definitions for T1/ptm.
) (./main.aux)
\openout1 = `main.aux'.

LaTeX Font Info:    Checking defaults for OML/cmm/m/it on input line 46.
LaTeX Font Info:    ... okay on input line 46.
LaTeX Font Info:    Checking defaults for OMS/cmsy/m/n on input line 46.
LaTeX Font Info:    ... okay on input line 46.
LaTeX Font Info:    Checking defaults for OT1/cmr/m/n on input line 46.
LaTeX Font Info:    ... okay on input line 46.
LaTeX Font Info:    Checking defaults for T1/cmr/m/n on input line 46.
LaTeX Font Info:    ... okay on input line 46.
LaTeX Font Info:    Checking defaults for TS1/cmr/m/n on input line 46.
LaTeX Font Info:    ... okay on input line 46.
LaTeX Font Info:    Checking defaults for OMX/cmex/m/n on input line 46.
LaTeX Font Info:    ... okay on input line 46.
LaTeX Font Info:    Checking defaults for U/cmr/m/n on input line 46.
LaTeX Font Info:    ... okay on input line 46.
LaTeX Font Info:    Checking defaults for PD1/pdf/m/n on input line 46.
LaTeX Font Info:    ... okay on input line 46.
LaTeX Font Info:    Checking defaults for PU/pdf/m/n on input line 46.
LaTeX Font Info:    ... okay on input line 46.
Package hyperref Info: Link coloring OFF on input line 46.

(/usr/share/texlive/texmf-dist/tex/latex/hyperref/nameref.sty
Package: nameref 2021-04-02 v2.47 Cross-referencing by name of section

(/usr/share/texlive/texmf-dist/tex/latex/refcount/refcount.sty
Package: refcount 2019/12/15 v3.6 Data extraction from label references (HO)
)
(/usr/share/texlive/texmf-dist/tex/generic/gettitlestring/gettitlestring.sty
Package: gettitlestring 2019/12/15 v1.6 Cleanup title references (HO)
)
\c@section@level=\count447
)
Redoing nameref's sectioning
Redoing nameref's label
LaTeX Info: Redefining \nameref on input line 46.
LaTeX Info: Redefining \ref on input line 46.
LaTeX Info: Redefining \pageref on input line 46.
LaTeX Info: Redefining \nameref on input line 46.
\myptabbox=\box87
\myptabboxwidth=\skip314
(/usr/share/texlive/texmf-dist/tex/context/base/mkii/supp-pdf.mkii
[Loading MPS to PDF converter (version 2006.09.02).]
\scratchcounter=\count448
\scratchdimen=\dimen300
\scratchbox=\box88
\nofMPsegments=\count449
\nofMParguments=\count450
\everyMPshowfont=\toks54
\MPscratchCnt=\count451
\MPscratchDim=\dimen301
\MPnumerator=\count452
\makeMPintoPDFobject=\count453
\everyMPtoPDFconversion=\toks55
) (/usr/share/texlive/texmf-dist/tex/latex/epstopdf-pkg/epstopdf-base.sty
Package: epstopdf-base 2020-01-24 v2.11 Base part for package epstopdf
Package epstopdf-base Info: Redefining graphics rule for `.eps' on input line 4
85.

(/usr/share/texlive/texmf-dist/tex/latex/latexconfig/epstopdf-sys.cfg
File: epstopdf-sys.cfg 2010/07/13 v1.3 Configuration of (r)epstopdf for TeX Liv
e
))
\c@lstlisting=\count454
LaTeX Info: Redefining \microtypecontext on input line 46.
Package microtype Info: Applying patch `item' on input line 46.
Package microtype Info: Applying patch `toc' on input line 46.
Package microtype Info: Applying patch `eqnum' on input line 46.
Package microtype Info: Applying patch `footnote' on input line 46.
Package microtype Info: Generating PDF output.
Package microtype Info: Character protrusion enabled (level 2).
Package microtype Info: Using default protrusion set `alltext'.
Package microtype Info: Automatic font expansion enabled (level 2),
(microtype)             stretch: 20, shrink: 20, step: 1, non-selected.
Package microtype Info: Using default expansion set `alltext-nott'.
LaTeX Info: Redefining \showhyphens on input line 46.
Package microtype Info: No adjustment of tracking.
Package microtype Info: No adjustment of interword spacing.
Package microtype Info: No adjustment of character kerning.

(/usr/share/texlive/texmf-dist/tex/latex/microtype/mt-ptm.cfg
File: mt-ptm.cfg 2006/04/20 v1.7 microtype config. file: Times (RS)
)
Package caption Info: Begin \AtBeginDocument code.
Package caption Info: float package is loaded.
Package caption Info: End \AtBeginDocument code.

(/usr/share/texlive/texmf-dist/tex/latex/pdflscape/pdflscape.sty
Package: pdflscape 2019/12/05 v0.12 Display of landscape pages in PDF (HO)
Package pdflscape Info: Auto-detected driver: pdftex on input line 81.
)
<lib/logo.jpg, id=4, 65.043pt x 70.46326pt>
File: lib/logo.jpg Graphic file (type jpg)
<use lib/logo.jpg>
Package pdftex.def Info: lib/logo.jpg  used on input line 49.
(pdftex.def)             Requested size: 65.04283pt x 70.46307pt.
 [1

\openout4 = `main.ist'.

{/var/lib/texmf/fonts/map/pdftex/updmap/pdftex.map} <./lib/LOGO.jpg>]
Underfull \hbox (badness 10000) in paragraph at lines 50--50

 []


Underfull \hbox (badness 1596) in paragraph at lines 50--50
\T1/ptm/m/n/12 (+20) Ori-en-ta-dor: Prof. Dr. Na-po-leão Vi-eira
 []


Underfull \hbox (badness 10000) in paragraph at lines 50--50

 []

LaTeX Font Info:    Trying to load font information for OT1+ztmcm on input line
 50.
(/usr/share/texlive/texmf-dist/tex/latex/psnfss/ot1ztmcm.fd
File: ot1ztmcm.fd 2000/01/03 Fontinst v1.801 font definitions for OT1/ztmcm.
)
Package microtype Info: Loading generic protrusion settings for font family
(microtype)             `ztmcm' (encoding: OT1).
(microtype)             For optimal results, create family-specific settings.
(microtype)             See the microtype manual for details.
LaTeX Font Info:    Trying to load font information for OML+ztmcm on input line
 50.

(/usr/share/texlive/texmf-dist/tex/latex/psnfss/omlztmcm.fd
File: omlztmcm.fd 2000/01/03 Fontinst v1.801 font definitions for OML/ztmcm.
)
LaTeX Font Info:    Trying to load font information for OMS+ztmcm on input line
 50.

(/usr/share/texlive/texmf-dist/tex/latex/psnfss/omsztmcm.fd
File: omsztmcm.fd 2000/01/03 Fontinst v1.801 font definitions for OMS/ztmcm.
)
LaTeX Font Info:    Trying to load font information for OMX+ztmcm on input line
 50.

(/usr/share/texlive/texmf-dist/tex/latex/psnfss/omxztmcm.fd
File: omxztmcm.fd 2000/01/03 Fontinst v1.801 font definitions for OMX/ztmcm.
)
(/usr/share/texlive/texmf-dist/tex/latex/microtype/mt-msa.cfg
File: mt-msa.cfg 2006/02/04 v1.1 microtype config. file: AMS symbols (a) (RS)
)
(/usr/share/texlive/texmf-dist/tex/latex/microtype/mt-msb.cfg
File: mt-msb.cfg 2005/06/01 v1.0 microtype config. file: AMS symbols (b) (RS)
)
LaTeX Font Info:    Trying to load font information for OT1+ptm on input line 5
0.

(/usr/share/texlive/texmf-dist/tex/latex/psnfss/ot1ptm.fd
File: ot1ptm.fd 2001/06/04 font definitions for OT1/ptm.
)
LaTeX Font Info:    Font shape `OT1/ptm/bx/n' in size <12> not available
(Font)              Font shape `OT1/ptm/b/n' tried instead on input line 50.
LaTeX Font Info:    Font shape `OT1/ptm/bx/n' in size <9> not available
(Font)              Font shape `OT1/ptm/b/n' tried instead on input line 50.
LaTeX Font Info:    Font shape `OT1/ptm/bx/n' in size <7> not available
(Font)              Font shape `OT1/ptm/b/n' tried instead on input line 50.

Overfull \hbox (4.80414pt too wide) in paragraph at lines 50--50
[]|  |  $[]$ 
 []

pdfTeX warning (ext4): destination with the same identifier (name{page.1}) has 
been already used, duplicate ignored
<to be read again> 
                   \relax 
l.50 	\imprimirfolhaderosto{}
                              [1



]
<elementos-pre-textuais/ficha-catalografica.pdf, id=17, 597.23125pt x 923.45pt>

File: elementos-pre-textuais/ficha-catalografica.pdf Graphic file (type pdf)
<use elementos-pre-textuais/ficha-catalografica.pdf>
Package pdftex.def Info: elementos-pre-textuais/ficha-catalografica.pdf  used o
n input line 51.
(pdftex.def)             Requested size: 597.22978pt x 923.44774pt.
File: elementos-pre-textuais/ficha-catalografica.pdf Graphic file (type pdf)
<use elementos-pre-textuais/ficha-catalografica.pdf>
Package pdftex.def Info: elementos-pre-textuais/ficha-catalografica.pdf  used o
n input line 51.
(pdftex.def)             Requested size: 597.22978pt x 923.44774pt.
<elementos-pre-textuais/ficha-catalografica.pdf, id=20, page=1, 597.23125pt x 9
23.45pt>
File: elementos-pre-textuais/ficha-catalografica.pdf Graphic file (type pdf)
<use elementos-pre-textuais/ficha-catalografica.pdf, page 1>
Package pdftex.def Info: elementos-pre-textuais/ficha-catalografica.pdf , page1
 used on input line 51.
(pdftex.def)             Requested size: 597.22978pt x 923.44774pt.
File: elementos-pre-textuais/ficha-catalografica.pdf Graphic file (type pdf)
<use elementos-pre-textuais/ficha-catalografica.pdf, page 1>
Package pdftex.def Info: elementos-pre-textuais/ficha-catalografica.pdf , page1
 used on input line 51.
(pdftex.def)             Requested size: 546.7893pt x 845.45573pt.
File: elementos-pre-textuais/ficha-catalografica.pdf Graphic file (type pdf)
<use elementos-pre-textuais/ficha-catalografica.pdf, page 1>
Package pdftex.def Info: elementos-pre-textuais/ficha-catalografica.pdf , page1
 used on input line 51.
(pdftex.def)             Requested size: 546.7893pt x 845.45573pt.
File: elementos-pre-textuais/ficha-catalografica.pdf Graphic file (type pdf)
<use elementos-pre-textuais/ficha-catalografica.pdf, page 1>
Package pdftex.def Info: elementos-pre-textuais/ficha-catalografica.pdf , page1
 used on input line 51.
(pdftex.def)             Requested size: 546.7893pt x 845.45573pt.
File: elementos-pre-textuais/ficha-catalografica.pdf Graphic file (type pdf)
<use elementos-pre-textuais/ficha-catalografica.pdf, page 1>
Package pdftex.def Info: elementos-pre-textuais/ficha-catalografica.pdf , page1
 used on input line 51.
(pdftex.def)             Requested size: 546.7893pt x 845.45573pt.
 [2

 <./elementos-pre-textuais/ficha-catalografica.pdf>]
Underfull \hbox (badness 10000) in paragraph at lines 66--66

 []


Underfull \hbox (badness 10000) in paragraph at lines 66--66

 []


Overfull \hbox (4.80414pt too wide) in paragraph at lines 66--66
[]|  |  $[]$ 
 []

[3] (./elementos-pre-textuais/dedicatoria.tex)
Overfull \hbox (4.80414pt too wide) in paragraph at lines 68--69
[]|  |  $[]$
 []

[4] (./elementos-pre-textuais/agradecimentos.tex) [5

]
(./elementos-pre-textuais/resumo.tex) [6

]
(./elementos-pre-textuais/abstract.tex) [7

] (./main.lof) [8

] (./main.loq)
[9] (./main.loa) [10

]
No file main.acr.
[11] (./elementos-pre-textuais/lista-de-simbolos.tex) (./main.toc [12])
[13] (./elementos-textuais/introducao.tex [14


] [15]
LaTeX Font Info:    Trying to load font information for TS1+ptm on input line 6
8.

(/usr/share/texlive/texmf-dist/tex/latex/psnfss/ts1ptm.fd
File: ts1ptm.fd 2001/06/04 font definitions for TS1/ptm.
) [16])
(./elementos-textuais/fundamentacao-teorica.tex [17]
<images/compression-example.png, id=371, 515.67656pt x 395.22656pt>
File: images/compression-example.png Graphic file (type png)
<use images/compression-example.png>
Package pdftex.def Info: images/compression-example.png  used on input line 18.

(pdftex.def)             Requested size: 250.25139pt x 191.79922pt.
File: images/compression-example.png Graphic file (type png)
<use images/compression-example.png>
Package pdftex.def Info: images/compression-example.png  used on input line 18.

(pdftex.def)             Requested size: 250.25139pt x 191.79922pt.
 [18

 <./images/compression-example.png>]
<images/compression-ratio-example.png, id=386, 204.765pt x 104.5506pt>
File: images/compression-ratio-example.png Graphic file (type png)
<use images/compression-ratio-example.png>
Package pdftex.def Info: images/compression-ratio-example.png  used on input li
ne 37.
(pdftex.def)             Requested size: 455.0pt x 232.33319pt.
File: images/compression-ratio-example.png Graphic file (type png)
<use images/compression-ratio-example.png>
Package pdftex.def Info: images/compression-ratio-example.png  used on input li
ne 37.
(pdftex.def)             Requested size: 455.0pt x 232.33319pt.

Overfull \hbox (5.0pt too wide) in paragraph at lines 37--38
 []$[]$ 
 []

<images/lossy-vs-lossless.png, id=390, 367.3725pt x 210.7875pt>
File: images/lossy-vs-lossless.png Graphic file (type png)
<use images/lossy-vs-lossless.png>
Package pdftex.def Info: images/lossy-vs-lossless.png  used on input line 49.
(pdftex.def)             Requested size: 455.0pt x 261.08432pt.
File: images/lossy-vs-lossless.png Graphic file (type png)
<use images/lossy-vs-lossless.png>
Package pdftex.def Info: images/lossy-vs-lossless.png  used on input line 49.
(pdftex.def)             Requested size: 455.0pt x 261.08432pt.

Overfull \hbox (5.0pt too wide) in paragraph at lines 49--50
 []$[]$ 
 []

[19 <./images/compression-ratio-example.png>] [20 <./images/lossy-vs-lossless.p
ng>] [21]

Package hyperref Warning: Token not allowed in a PDF string (Unicode):
(hyperref)                removing `\acrfull' on input line 81.

[22]
<images/quantization-example.png, id=459, 381.425pt x 114.4275pt>
File: images/quantization-example.png Graphic file (type png)
<use images/quantization-example.png>
Package pdftex.def Info: images/quantization-example.png  used on input line 11
0.
(pdftex.def)             Requested size: 455.0pt x 136.50565pt.
File: images/quantization-example.png Graphic file (type png)
<use images/quantization-example.png>
Package pdftex.def Info: images/quantization-example.png  used on input line 11
0.
(pdftex.def)             Requested size: 455.0pt x 136.50565pt.

Overfull \hbox (5.0pt too wide) in paragraph at lines 110--111
 []$[]$ 
 []

[23]

Package hyperref Warning: Token not allowed in a PDF string (Unicode):
(hyperref)                removing `\acrfull' on input line 113.

<images/rgb-grayscale-example.png, id=474, 1055.945pt x 651.43375pt>
File: images/rgb-grayscale-example.png Graphic file (type png)
<use images/rgb-grayscale-example.png>
Package pdftex.def Info: images/rgb-grayscale-example.png  used on input line 1
28.
(pdftex.def)             Requested size: 455.0pt x 280.69751pt.
File: images/rgb-grayscale-example.png Graphic file (type png)
<use images/rgb-grayscale-example.png>
Package pdftex.def Info: images/rgb-grayscale-example.png  used on input line 1
28.
(pdftex.def)             Requested size: 455.0pt x 280.69751pt.

Overfull \hbox (5.0pt too wide) in paragraph at lines 128--129
 []$[]$ 
 []

[24 <./images/quantization-example.png>]

Package hyperref Warning: Token not allowed in a PDF string (Unicode):
(hyperref)                removing `\acrfull' on input line 132.

[25 <./images/rgb-grayscale-example.png>]
<images/dicom-metadata.png, id=507, 853.1875pt x 568.1225pt>
File: images/dicom-metadata.png Graphic file (type png)
<use images/dicom-metadata.png>
Package pdftex.def Info: images/dicom-metadata.png  used on input line 149.
(pdftex.def)             Requested size: 455.0pt x 302.98462pt.
File: images/dicom-metadata.png Graphic file (type png)
<use images/dicom-metadata.png>
Package pdftex.def Info: images/dicom-metadata.png  used on input line 149.
(pdftex.def)             Requested size: 455.0pt x 302.98462pt.

Overfull \hbox (5.0pt too wide) in paragraph at lines 149--150
 []$[]$ 
 []

<images/dicom-example.jpg, id=511, 1505.625pt x 1172.38pt>
File: images/dicom-example.jpg Graphic file (type jpg)
<use images/dicom-example.jpg>
Package pdftex.def Info: images/dicom-example.jpg  used on input line 160.
(pdftex.def)             Requested size: 455.0pt x 354.29274pt.
File: images/dicom-example.jpg Graphic file (type jpg)
<use images/dicom-example.jpg>
Package pdftex.def Info: images/dicom-example.jpg  used on input line 160.
(pdftex.def)             Requested size: 455.0pt x 354.29274pt.

Overfull \hbox (5.0pt too wide) in paragraph at lines 160--161
 []$[]$ 
 []

[26 <./images/dicom-metadata.png>]
<images/huffman-coding.png, id=523, 702.625pt x 331.2375pt>
File: images/huffman-coding.png Graphic file (type png)
<use images/huffman-coding.png>
Package pdftex.def Info: images/huffman-coding.png  used on input line 174.
(pdftex.def)             Requested size: 455.0pt x 214.50829pt.
File: images/huffman-coding.png Graphic file (type png)
<use images/huffman-coding.png>
Package pdftex.def Info: images/huffman-coding.png  used on input line 174.
(pdftex.def)             Requested size: 455.0pt x 214.50829pt.

Overfull \hbox (5.0pt too wide) in paragraph at lines 174--175
 []$[]$ 
 []

[27 <./images/dicom-example.jpg>] [28 <./images/huffman-coding.png>] [29]

Package hyperref Warning: Token not allowed in a PDF string (Unicode):
(hyperref)                removing `\acrfull' on input line 234.

[30] [31]
<images/png-compression-example.png, id=601, 563.10374pt x 348.30125pt>
File: images/png-compression-example.png Graphic file (type png)
<use images/png-compression-example.png>
Package pdftex.def Info: images/png-compression-example.png  used on input line
 289.
(pdftex.def)             Requested size: 455.0pt x 281.43687pt.
File: images/png-compression-example.png Graphic file (type png)
<use images/png-compression-example.png>
Package pdftex.def Info: images/png-compression-example.png  used on input line
 289.
(pdftex.def)             Requested size: 455.0pt x 281.43687pt.

Overfull \hbox (5.0pt too wide) in paragraph at lines 289--290
 []$[]$ 
 []


Package hyperref Warning: Token not allowed in a PDF string (Unicode):
(hyperref)                removing `\acrfull' on input line 296.

[32 <./images/png-compression-example.png (PNG copy)>]
<images/jpeg-flow.png, id=627, 1019.81pt x 463.7325pt>
File: images/jpeg-flow.png Graphic file (type png)
<use images/jpeg-flow.png>
Package pdftex.def Info: images/jpeg-flow.png  used on input line 307.
(pdftex.def)             Requested size: 455.0pt x 206.90161pt.
File: images/jpeg-flow.png Graphic file (type png)
<use images/jpeg-flow.png>
Package pdftex.def Info: images/jpeg-flow.png  used on input line 307.
(pdftex.def)             Requested size: 455.0pt x 206.90161pt.

Overfull \hbox (5.0pt too wide) in paragraph at lines 307--308
 []$[]$ 
 []

[33 <./images/jpeg-flow.png>] [34]

Package hyperref Warning: Token not allowed in a PDF string (Unicode):
(hyperref)                removing `\acrfull' on input line 331.

[35]) (./elementos-textuais/trabalhos-relacionados.tex [36]

Package hyperref Warning: Token not allowed in a PDF string (Unicode):
(hyperref)                removing `\acrshort' on input line 13.

[37

] [38]

Package hyperref Warning: Token not allowed in a PDF string (Unicode):
(hyperref)                removing `\acrshort' on input line 33.

[39]) (./elementos-textuais/metodologia.tex [40] [41

] [42] [43]
LaTeX Font Info:    Trying to load font information for T1+cmtt on input line 8
2.

(/usr/share/texlive/texmf-dist/tex/latex/base/t1cmtt.fd
File: t1cmtt.fd 2019/12/16 v2.5j Standard LaTeX font definitions
)
Package microtype Info: Loading generic protrusion settings for font family
(microtype)             `cmtt' (encoding: T1).
(microtype)             For optimal results, create family-specific settings.
(microtype)             See the microtype manual for details.
 [44]
LaTeX Font Info:    Font shape `OT1/ptm/bx/n' in size <10> not available
(Font)              Font shape `OT1/ptm/b/n' tried instead on input line 146.
LaTeX Font Info:    Font shape `OT1/ptm/bx/n' in size <7.4> not available
(Font)              Font shape `OT1/ptm/b/n' tried instead on input line 146.
LaTeX Font Info:    Font shape `OT1/ptm/bx/n' in size <6> not available
(Font)              Font shape `OT1/ptm/b/n' tried instead on input line 146.

Overfull \hbox (23.0119pt too wide) in paragraph at lines 146--147
 []$[]$ 
 []


LaTeX Warning: `!h' float specifier changed to `!ht'.

) (./elementos-textuais/resultados.tex [45] [46]
<images/result-lung.png, id=894, 848.4498pt x 584.9052pt>
File: images/result-lung.png Graphic file (type png)
<use images/result-lung.png>
Package pdftex.def Info: images/result-lung.png  used on input line 20.
(pdftex.def)             Requested size: 455.0pt x 313.66641pt.
File: images/result-lung.png Graphic file (type png)
<use images/result-lung.png>
Package pdftex.def Info: images/result-lung.png  used on input line 20.
(pdftex.def)             Requested size: 455.0pt x 313.66641pt.

Overfull \hbox (5.0pt too wide) in paragraph at lines 20--21
 []$[]$ 
 []

[47

]
<images/result-breast.png, id=904, 848.4498pt x 584.9052pt>
File: images/result-breast.png Graphic file (type png)
<use images/result-breast.png>
Package pdftex.def Info: images/result-breast.png  used on input line 31.
(pdftex.def)             Requested size: 455.0pt x 313.66641pt.
File: images/result-breast.png Graphic file (type png)
<use images/result-breast.png>
Package pdftex.def Info: images/result-breast.png  used on input line 31.
(pdftex.def)             Requested size: 455.0pt x 313.66641pt.

Overfull \hbox (5.0pt too wide) in paragraph at lines 31--32
 []$[]$ 
 []

[48 <./images/result-lung.png>]
<images/result-brain.png, id=916, 848.4498pt x 584.9052pt>
File: images/result-brain.png Graphic file (type png)
<use images/result-brain.png>
Package pdftex.def Info: images/result-brain.png  used on input line 42.
(pdftex.def)             Requested size: 455.0pt x 313.66641pt.
File: images/result-brain.png Graphic file (type png)
<use images/result-brain.png>
Package pdftex.def Info: images/result-brain.png  used on input line 42.
(pdftex.def)             Requested size: 455.0pt x 313.66641pt.

Overfull \hbox (5.0pt too wide) in paragraph at lines 42--43
 []$[]$ 
 []

[49 <./images/result-breast.png>] [50 <./images/result-brain.png>]
<images/compression_by_algorithm_and_organ.png, id=937, 867.24pt x 578.16pt>
File: images/compression_by_algorithm_and_organ.png Graphic file (type png)
<use images/compression_by_algorithm_and_organ.png>
Package pdftex.def Info: images/compression_by_algorithm_and_organ.png  used on
 input line 66.
(pdftex.def)             Requested size: 455.0pt x 303.33563pt.
File: images/compression_by_algorithm_and_organ.png Graphic file (type png)
<use images/compression_by_algorithm_and_organ.png>
Package pdftex.def Info: images/compression_by_algorithm_and_organ.png  used on
 input line 66.
(pdftex.def)             Requested size: 455.0pt x 303.33563pt.

Overfull \hbox (5.0pt too wide) in paragraph at lines 66--67
 []$[]$ 
 []


Package hyperref Warning: Token not allowed in a PDF string (Unicode):
(hyperref)                removing `\acrshort' on input line 73.

<images/png_compression_by_organ.png, id=941, 722.7pt x 433.62pt>
File: images/png_compression_by_organ.png Graphic file (type png)
<use images/png_compression_by_organ.png>
Package pdftex.def Info: images/png_compression_by_organ.png  used on input lin
e 85.
(pdftex.def)             Requested size: 364.00139pt x 218.40404pt.
File: images/png_compression_by_organ.png Graphic file (type png)
<use images/png_compression_by_organ.png>
Package pdftex.def Info: images/png_compression_by_organ.png  used on input lin
e 85.
(pdftex.def)             Requested size: 364.00139pt x 218.40404pt.
[51 <./images/compression_by_algorithm_and_organ.png>]

Package hyperref Warning: Token not allowed in a PDF string (Unicode):
(hyperref)                removing `\acrshort' on input line 88.

<images/jpeg_compression_by_organ.png, id=951, 722.7pt x 433.62pt>
File: images/jpeg_compression_by_organ.png Graphic file (type png)
<use images/jpeg_compression_by_organ.png>
Package pdftex.def Info: images/jpeg_compression_by_organ.png  used on input li
ne 100.
(pdftex.def)             Requested size: 364.00139pt x 218.40404pt.
File: images/jpeg_compression_by_organ.png Graphic file (type png)
<use images/jpeg_compression_by_organ.png>
Package pdftex.def Info: images/jpeg_compression_by_organ.png  used on input li
ne 100.
(pdftex.def)             Requested size: 364.00139pt x 218.40404pt.

Package hyperref Warning: Token not allowed in a PDF string (Unicode):
(hyperref)                removing `\acrshort' on input line 103.

[52 <./images/png_compression_by_organ.png> <./images/jpeg_compression_by_organ
.png>]
<images/pca-950_compression_by_organ.png, id=965, 722.7pt x 433.62pt>
File: images/pca-950_compression_by_organ.png Graphic file (type png)
<use images/pca-950_compression_by_organ.png>
Package pdftex.def Info: images/pca-950_compression_by_organ.png  used on input
 line 120.
(pdftex.def)             Requested size: 364.00139pt x 218.40404pt.
File: images/pca-950_compression_by_organ.png Graphic file (type png)
<use images/pca-950_compression_by_organ.png>
Package pdftex.def Info: images/pca-950_compression_by_organ.png  used on input
 line 120.
(pdftex.def)             Requested size: 364.00139pt x 218.40404pt.
<images/pca-975_compression_by_organ.png, id=967, 722.7pt x 433.62pt>
File: images/pca-975_compression_by_organ.png Graphic file (type png)
<use images/pca-975_compression_by_organ.png>
Package pdftex.def Info: images/pca-975_compression_by_organ.png  used on input
 line 131.
(pdftex.def)             Requested size: 364.00139pt x 218.40404pt.
File: images/pca-975_compression_by_organ.png Graphic file (type png)
<use images/pca-975_compression_by_organ.png>
Package pdftex.def Info: images/pca-975_compression_by_organ.png  used on input
 line 131.
(pdftex.def)             Requested size: 364.00139pt x 218.40404pt.
 [53 <./images/pca-950_compression_by_organ.png>]
<images/pca-990_compression_by_organ.png, id=974, 722.7pt x 433.62pt>
File: images/pca-990_compression_by_organ.png Graphic file (type png)
<use images/pca-990_compression_by_organ.png>
Package pdftex.def Info: images/pca-990_compression_by_organ.png  used on input
 line 142.
(pdftex.def)             Requested size: 364.00139pt x 218.40404pt.
File: images/pca-990_compression_by_organ.png Graphic file (type png)
<use images/pca-990_compression_by_organ.png>
Package pdftex.def Info: images/pca-990_compression_by_organ.png  used on input
 line 142.
(pdftex.def)             Requested size: 364.00139pt x 218.40404pt.


Package hyperref Warning: Token not allowed in a PDF string (Unicode):
(hyperref)                removing `\acrshort' on input line 145.

[54 <./images/pca-975_compression_by_organ.png> <./images/pca-990_compression_b
y_organ.png>]
<images/psnr_by_algorithm_and_organ.png, id=991, 1011.78pt x 578.16pt>
File: images/psnr_by_algorithm_and_organ.png Graphic file (type png)
<use images/psnr_by_algorithm_and_organ.png>
Package pdftex.def Info: images/psnr_by_algorithm_and_organ.png  used on input 
line 163.
(pdftex.def)             Requested size: 455.0pt x 260.00197pt.
File: images/psnr_by_algorithm_and_organ.png Graphic file (type png)
<use images/psnr_by_algorithm_and_organ.png>
Package pdftex.def Info: images/psnr_by_algorithm_and_organ.png  used on input 
line 163.
(pdftex.def)             Requested size: 455.0pt x 260.00197pt.

Overfull \hbox (5.0pt too wide) in paragraph at lines 163--164
 []$[]$ 
 []

[55 <./images/psnr_by_algorithm_and_organ.png>])
(./elementos-textuais/conclusao.tex [56] [57

]) (./main.bbl [58]
bibitemlist
[59

]
Underfull \hbox (badness 10000) in paragraph at lines 178--184
[]\T1/ptm/m/n/12 (+20) SANTO, R. do E. Uti-li-za-ção da aná-lise de com-po-nen-
tes prin-ci-pais na com-
 []


Underfull \hbox (badness 7081) in paragraph at lines 178--184
\T1/ptm/m/n/12 (+20) pres-são de ima-gens di-gi-tais. \T1/ptm/b/n/12 (+20) eins
-tein (São Paulo)\T1/ptm/m/n/12 (+20) , v. 10, n. 2, p. 135--139,
 []


Underfull \hbox (badness 10000) in paragraph at lines 178--184
\T1/ptm/m/n/12 (+20) 2012. ISSN 1679-4508. Dis-po-ní-vel em: []$<[]https : / / 
journal . einstein . br / article /
 []

[60]
Underfull \hbox (badness 1253) in paragraph at lines 204--208
\T1/ptm/m/n/12 (+20) 5-June-2024]. Dis-po-ní-vel em: []$<[]https : / / www . na
vytimes . com / news / your-[]navy / 2015 / 06 / 04 /
 []

) [61]
\tf@lof=\write8
\openout8 = `main.lof'.

\tf@loq=\write9
\openout9 = `main.loq'.

\tf@loa=\write10
\openout10 = `main.loa'.

\tf@toc=\write11
\openout11 = `main.toc'.

 (./main.aux) ) 
Here is how much of TeX's memory you used:
 33616 strings out of 478287
 574691 string characters out of 5849288
 1074875 words of memory out of 5000000
 50631 multiletter control sequences out of 15000+600000
 537168 words of font info for 349 fonts, out of 8000000 for 9000
 1141 hyphenation exceptions out of 8191
 96i,17n,120p,1430b,857s stack positions out of 5000i,500n,10000p,200000b,80000s
pdfTeX warning (dest): name{glo:SPIHT} has been referenced but d
oes not exist, replaced by a fixed one

pdfTeX warning (dest): name{glo:AVIF} has been referenced but does not exist, r
eplaced by a fixed one

pdfTeX warning (dest): name{glo:REMIND} has been referenced but does not exist,
 replaced by a fixed one

pdfTeX warning (dest): name{glo:NSCLC} has been referenced but does not exist, 
replaced by a fixed one

pdfTeX warning (dest): name{glo:EA1141} has been referenced but does not exist,
 replaced by a fixed one

pdfTeX warning (dest): name{glo:NIH} has been referenced but does not exist, re
placed by a fixed one

pdfTeX warning (dest): name{glo:NBIA} has been referenced but does not exist, r
eplaced by a fixed one

pdfTeX warning (dest): name{glo:TCIA} has been referenced but does not exist, r
eplaced by a fixed one

pdfTeX warning (dest): name{glo:SVD} has been referenced but does not exist, re
placed by a fixed one

pdfTeX warning (dest): name{glo:RLE} has been referenced but does not exist, re
placed by a fixed one

pdfTeX warning (dest): name{glo:LZ77} has been referenced but does not exist, r
eplaced by a fixed one

pdfTeX warning (dest): name{glo:MSE} has been referenced but does not exist, re
placed by a fixed one

pdfTeX warning (dest): name{glo:CR} has been referenced but does not exist, rep
laced by a fixed one

pdfTeX warning (dest): name{glo:PPM} has been referenced but does not exist, re
placed by a fixed one

pdfTeX warning (dest): name{glo:DCT} has been referenced but does not exist, re
placed by a fixed one

pdfTeX warning (dest): name{glo:PSNR} has been referenced but does not exist, r
eplaced by a fixed one

pdfTeX warning (dest): name{glo:RGB} has been referenced but does not exist, re
placed by a fixed one

pdfTeX warning (dest): name{glo:PCA} has been referenced but does not exist, re
placed by a fixed one

pdfTeX warning (dest): name{glo:JPEG} has been referenced but does not exist, r
eplaced by a fixed one

pdfTeX warning (dest): name{glo:PNG} has been referenced but does not exist, re
placed by a fixed one

pdfTeX warning (dest): name{glo:DICOM} has been referenced but does not exist, 
replaced by a fixed one

{/usr/share/texmf/fonts/enc/dvips/cm-super/cm-super-t1.enc}{/usr/share/texlive/
texmf-dist/fonts/enc/dvips/base/8r.enc}</usr/share/texlive/texmf-dist/fonts/typ
e1/public/amsfonts/cm/cmex10.pfb></usr/share/texlive/texmf-dist/fonts/type1/pub
lic/amsfonts/cm/cmmi10.pfb></usr/share/texlive/texmf-dist/fonts/type1/public/am
sfonts/cm/cmr10.pfb></usr/share/texlive/texmf-dist/fonts/type1/public/amsfonts/
cm/cmsy10.pfb></usr/share/texmf/fonts/type1/public/cm-super/sftt1000.pfb></usr/
share/texmf/fonts/type1/public/cm-super/sftt1200.pfb></usr/share/texlive/texmf-
dist/fonts/type1/urw/symbol/usyr.pfb></usr/share/texlive/texmf-dist/fonts/type1
/urw/symbol/usyr.pfb></usr/share/texlive/texmf-dist/fonts/type1/urw/times/utmb8
a.pfb></usr/share/texlive/texmf-dist/fonts/type1/urw/times/utmbi8a.pfb></usr/sh
are/texlive/texmf-dist/fonts/type1/urw/times/utmr8a.pfb></usr/share/texlive/tex
mf-dist/fonts/type1/urw/times/utmri8a.pfb>
Output written on main.pdf (62 pages, 11669197 bytes).
PDF statistics:
 1352 PDF objects out of 1440 (max. 8388607)
 1205 compressed objects within 13 object streams
 231 named destinations out of 1000 (max. 500000)
 66078 words of extra memory for PDF output out of 74296 (max. 10000000)

